I230915 19:05:19.738619 1 util/log/sync_buffer.go:70  [config] file created at: 2023/09/15 19:05:19
I230915 19:05:19.738619 1 util/log/sync_buffer.go:70  [config] running on machine: nidhood-GE72-6QD
I230915 19:05:19.738619 1 util/log/sync_buffer.go:70  [config] binary: CockroachDB CCL v20.1.3 (x86_64-unknown-linux-gnu, built 2020/06/23 08:44:08, go1.13.9)
I230915 19:05:19.738619 1 util/log/sync_buffer.go:70  [config] arguments: [cockroach start-single-node --insecure --listen-addr=localhost:26257 --http-addr=localhost:8080]
I230915 19:05:19.738619 1 util/log/sync_buffer.go:70  line format: [IWEF]yymmdd hh:mm:ss.uuuuuu goid file:line msg utf8=✓
I230915 19:05:19.738618 1 cli/start.go:1223  logging to directory /home/nidhood/Desktop/CockroachDB/CockroachDB_complete_learning_path/cockroach-data/logs
W230915 19:05:19.738857 1 cli/start.go:1272  RUNNING IN INSECURE MODE!

- Your cluster is open for any client that can access localhost.
- Any user, even root, can log in without providing a password.
- Any user, connecting as root, can read or write any data in your cluster.
- There is no network encryption nor authentication, and thus no confidentiality.

Check out how to secure your cluster: https://www.cockroachlabs.com/docs/v20.1/secure-a-cluster.html
I230915 19:05:19.739256 1 server/status/recorder.go:597  available memory from cgroups is unsupported, using system memory 16 GiB instead: can't read available memory from cgroup v2 at /sys/fs/cgroup/unified/user.slice/user-1000.slice/user@1000.service/memory.max: open /sys/fs/cgroup/unified/user.slice/user-1000.slice/user@1000.service/memory.max: no such file or directory
W230915 19:05:19.739266 1 cli/start.go:1144  Using the default setting for --cache (128 MiB).
  A significantly larger value is usually needed for good performance.
  If you have a dedicated server a reasonable setting is --cache=.25 (3.9 GiB).
I230915 19:05:19.739560 1 server/status/recorder.go:597  available memory from cgroups is unsupported, using system memory 16 GiB instead: can't read available memory from cgroup v2 at /sys/fs/cgroup/unified/user.slice/user-1000.slice/user@1000.service/memory.max: open /sys/fs/cgroup/unified/user.slice/user-1000.slice/user@1000.service/memory.max: no such file or directory
I230915 19:05:19.739570 1 cli/start.go:1286  CockroachDB CCL v20.1.3 (x86_64-unknown-linux-gnu, built 2020/06/23 08:44:08, go1.13.9)
I230915 19:05:19.740431 1 server/status/recorder.go:597  available memory from cgroups is unsupported, using system memory 16 GiB instead: can't read available memory from cgroup v2 at /sys/fs/cgroup/unified/user.slice/user-1000.slice/user@1000.service/memory.max: open /sys/fs/cgroup/unified/user.slice/user-1000.slice/user@1000.service/memory.max: no such file or directory
I230915 19:05:19.740469 1 server/config.go:404  system total memory: 16 GiB
I230915 19:05:19.740526 1 server/config.go:406  server configuration:
max offset             500000000
cache size             128 MiB
SQL memory pool size   3.9 GiB
scan interval          10m0s
scan min idle time     10ms
scan max idle time     1s
event log enabled      true
I230915 19:05:19.740568 1 cli/start.go:1129  process identity: uid 1000 euid 1000 gid 1000 egid 1000
I230915 19:05:19.740692 1 cli/start.go:697  starting cockroach node
I230915 19:05:19.742073 44 storage/rocksdb.go:606  opening rocksdb instance at "/home/nidhood/Desktop/CockroachDB/CockroachDB_complete_learning_path/cockroach-data/cockroach-temp129790354"
I230915 19:05:19.942195 44 server/server.go:1066  [n?] monitoring forward clock jumps based on server.clock.forward_jump_check_enabled
E230915 19:05:20.002219 1 cli/error.go:373  ERROR: cockroach server exited with error: consider changing the port via --http-addr: listen tcp 127.0.0.1:8080: bind: address already in use
