I230915 19:05:19.743135 44 util/log/sync_buffer.go:70  [config] file created at: 2023/09/15 19:05:19
I230915 19:05:19.743135 44 util/log/sync_buffer.go:70  [config] running on machine: nidhood-GE72-6QD
I230915 19:05:19.743135 44 util/log/sync_buffer.go:70  [config] binary: CockroachDB CCL v20.1.3 (x86_64-unknown-linux-gnu, built 2020/06/23 08:44:08, go1.13.9)
I230915 19:05:19.743135 44 util/log/sync_buffer.go:70  [config] arguments: [cockroach start-single-node --insecure --listen-addr=localhost:26257 --http-addr=localhost:8080]
I230915 19:05:19.743135 44 util/log/sync_buffer.go:70  line format: [IWEF]yymmdd hh:mm:ss.uuuuuu goid file:line msg utf8=✓
I230915 19:05:19.743134 44 storage/rocksdb.go:102  RocksDB version: 6.2.1
I230915 19:05:19.743306 44 storage/rocksdb.go:102  Git sha rocksdb_build_git_sha:@2512e96f3bf87b3c1b5b0183ed2ec421dc35d0d7@
I230915 19:05:19.743313 44 storage/rocksdb.go:102  Compile date Jun 23 2020
I230915 19:05:19.743318 44 storage/rocksdb.go:102  DB SUMMARY
I230915 19:05:19.743348 44 storage/rocksdb.go:102  SST files in /home/nidhood/Desktop/CockroachDB/CockroachDB_complete_learning_path/cockroach-data/cockroach-temp129790354 dir, Total Num: 0, files: 
I230915 19:05:19.743355 44 storage/rocksdb.go:102  Write Ahead Log file in /home/nidhood/Desktop/CockroachDB/CockroachDB_complete_learning_path/cockroach-data/cockroach-temp129790354: 
I230915 19:05:19.743362 44 storage/rocksdb.go:102                          Options.error_if_exists: 0
I230915 19:05:19.743368 44 storage/rocksdb.go:102                        Options.create_if_missing: 1
I230915 19:05:19.743374 44 storage/rocksdb.go:102                          Options.paranoid_checks: 1
I230915 19:05:19.743381 44 storage/rocksdb.go:102                                      Options.env: 0x7575e00
I230915 19:05:19.743387 44 storage/rocksdb.go:102                                 Options.info_log: 0x7fd3bd00d1c0
I230915 19:05:19.743394 44 storage/rocksdb.go:102                 Options.max_file_opening_threads: 16
I230915 19:05:19.743401 44 storage/rocksdb.go:102                               Options.statistics: 0x7fd3bd037010
I230915 19:05:19.743408 44 storage/rocksdb.go:102                                Options.use_fsync: 0
I230915 19:05:19.743413 44 storage/rocksdb.go:102                        Options.max_log_file_size: 0
I230915 19:05:19.743421 44 storage/rocksdb.go:102                   Options.max_manifest_file_size: 134217728
I230915 19:05:19.743428 44 storage/rocksdb.go:102                    Options.log_file_time_to_roll: 0
I230915 19:05:19.743435 44 storage/rocksdb.go:102                        Options.keep_log_file_num: 1000
I230915 19:05:19.743442 44 storage/rocksdb.go:102                     Options.recycle_log_file_num: 1
I230915 19:05:19.743447 44 storage/rocksdb.go:102                          Options.allow_fallocate: 1
I230915 19:05:19.743452 44 storage/rocksdb.go:102                         Options.allow_mmap_reads: 0
I230915 19:05:19.743458 44 storage/rocksdb.go:102                        Options.allow_mmap_writes: 0
I230915 19:05:19.743464 44 storage/rocksdb.go:102                         Options.use_direct_reads: 0
I230915 19:05:19.743468 44 storage/rocksdb.go:102                         Options.use_direct_io_for_flush_and_compaction: 0
I230915 19:05:19.743474 44 storage/rocksdb.go:102           Options.create_missing_column_families: 0
I230915 19:05:19.743480 44 storage/rocksdb.go:102                               Options.db_log_dir: 
I230915 19:05:19.743486 44 storage/rocksdb.go:102                                  Options.wal_dir: /home/nidhood/Desktop/CockroachDB/CockroachDB_complete_learning_path/cockroach-data/cockroach-temp129790354
I230915 19:05:19.743492 44 storage/rocksdb.go:102                 Options.table_cache_numshardbits: 6
I230915 19:05:19.743495 44 storage/rocksdb.go:102                       Options.max_subcompactions: 1
I230915 19:05:19.743498 44 storage/rocksdb.go:102                   Options.max_background_flushes: -1
I230915 19:05:19.743502 44 storage/rocksdb.go:102                          Options.WAL_ttl_seconds: 0
I230915 19:05:19.743505 44 storage/rocksdb.go:102                        Options.WAL_size_limit_MB: 0
I230915 19:05:19.743509 44 storage/rocksdb.go:102              Options.manifest_preallocation_size: 4194304
I230915 19:05:19.743512 44 storage/rocksdb.go:102                      Options.is_fd_close_on_exec: 1
I230915 19:05:19.743515 44 storage/rocksdb.go:102                    Options.advise_random_on_open: 1
I230915 19:05:19.743518 44 storage/rocksdb.go:102                     Options.db_write_buffer_size: 0
I230915 19:05:19.743522 44 storage/rocksdb.go:102                     Options.write_buffer_manager: 0x7fd3bd020060
I230915 19:05:19.743525 44 storage/rocksdb.go:102          Options.access_hint_on_compaction_start: 1
I230915 19:05:19.743532 44 storage/rocksdb.go:102   Options.new_table_reader_for_compaction_inputs: 0
I230915 19:05:19.743535 44 storage/rocksdb.go:102            Options.random_access_max_buffer_size: 1048576
I230915 19:05:19.743538 44 storage/rocksdb.go:102                       Options.use_adaptive_mutex: 0
I230915 19:05:19.743542 44 storage/rocksdb.go:102                             Options.rate_limiter: (nil)
I230915 19:05:19.743550 44 storage/rocksdb.go:102      Options.sst_file_manager.rate_bytes_per_sec: 0
I230915 19:05:19.743553 44 storage/rocksdb.go:102                        Options.wal_recovery_mode: 0
I230915 19:05:19.743556 44 storage/rocksdb.go:102                   Options.enable_thread_tracking: 0
I230915 19:05:19.743559 44 storage/rocksdb.go:102                   Options.enable_pipelined_write: 0
I230915 19:05:19.743562 44 storage/rocksdb.go:102          Options.allow_concurrent_memtable_write: 1
I230915 19:05:19.743565 44 storage/rocksdb.go:102       Options.enable_write_thread_adaptive_yield: 1
I230915 19:05:19.743568 44 storage/rocksdb.go:102              Options.write_thread_max_yield_usec: 100
I230915 19:05:19.743573 44 storage/rocksdb.go:102             Options.write_thread_slow_yield_usec: 3
I230915 19:05:19.743576 44 storage/rocksdb.go:102                                Options.row_cache: None
I230915 19:05:19.743580 44 storage/rocksdb.go:102                               Options.wal_filter: None
I230915 19:05:19.743583 44 storage/rocksdb.go:102              Options.avoid_flush_during_recovery: 0
I230915 19:05:19.743587 44 storage/rocksdb.go:102              Options.allow_ingest_behind: 0
I230915 19:05:19.743590 44 storage/rocksdb.go:102              Options.preserve_deletes: 0
I230915 19:05:19.743593 44 storage/rocksdb.go:102              Options.two_write_queues: 0
I230915 19:05:19.743596 44 storage/rocksdb.go:102              Options.manual_wal_flush: 1
I230915 19:05:19.743599 44 storage/rocksdb.go:102              Options.atomic_flush: 0
I230915 19:05:19.743602 44 storage/rocksdb.go:102              Options.avoid_unnecessary_blocking_io: 0
I230915 19:05:19.743605 44 storage/rocksdb.go:102              Options.max_background_jobs: 4
I230915 19:05:19.743609 44 storage/rocksdb.go:102              Options.max_background_compactions: -1
I230915 19:05:19.743612 44 storage/rocksdb.go:102              Options.avoid_flush_during_shutdown: 0
I230915 19:05:19.743615 44 storage/rocksdb.go:102            Options.writable_file_max_buffer_size: 1048576
I230915 19:05:19.743618 44 storage/rocksdb.go:102              Options.delayed_write_rate : 16777216
I230915 19:05:19.743621 44 storage/rocksdb.go:102              Options.max_total_wal_size: 0
I230915 19:05:19.743624 44 storage/rocksdb.go:102              Options.delete_obsolete_files_period_micros: 21600000000
I230915 19:05:19.743627 44 storage/rocksdb.go:102                    Options.stats_dump_period_sec: 0
I230915 19:05:19.743631 44 storage/rocksdb.go:102                  Options.stats_persist_period_sec: 600
I230915 19:05:19.743634 44 storage/rocksdb.go:102                  Options.stats_history_buffer_size: 1048576
I230915 19:05:19.743638 44 storage/rocksdb.go:102                           Options.max_open_files: 128
I230915 19:05:19.743641 44 storage/rocksdb.go:102                           Options.bytes_per_sync: 524288
I230915 19:05:19.743644 44 storage/rocksdb.go:102                       Options.wal_bytes_per_sync: 0
I230915 19:05:19.743647 44 storage/rocksdb.go:102                    Options.strict_bytes_per_sync: 1
I230915 19:05:19.743650 44 storage/rocksdb.go:102        Options.compaction_readahead_size: 0
I230915 19:05:19.743653 44 storage/rocksdb.go:102  Compression algorithms supported:
I230915 19:05:19.743657 44 storage/rocksdb.go:102  	kZSTDNotFinalCompression supported: 0
I230915 19:05:19.743660 44 storage/rocksdb.go:102  	kZSTD supported: 0
I230915 19:05:19.743664 44 storage/rocksdb.go:102  	kXpressCompression supported: 0
I230915 19:05:19.743667 44 storage/rocksdb.go:102  	kLZ4HCCompression supported: 0
I230915 19:05:19.743674 44 storage/rocksdb.go:102  	kLZ4Compression supported: 0
I230915 19:05:19.743678 44 storage/rocksdb.go:102  	kBZip2Compression supported: 0
I230915 19:05:19.743681 44 storage/rocksdb.go:102  	kZlibCompression supported: 0
I230915 19:05:19.743684 44 storage/rocksdb.go:102  	kSnappyCompression supported: 1
I230915 19:05:19.743689 44 storage/rocksdb.go:102  Fast CRC32 supported: Supported on x86
I230915 19:05:19.743754 44 storage/rocksdb.go:102  [db/db_impl_open.cc:242] Creating manifest 1 
I230915 19:05:19.867584 44 storage/rocksdb.go:102  [db/version_set.cc:4072] Recovering from manifest file: /home/nidhood/Desktop/CockroachDB/CockroachDB_complete_learning_path/cockroach-data/cockroach-temp129790354/MANIFEST-000001
I230915 19:05:19.868095 44 storage/rocksdb.go:102  [db/column_family.cc:488] --------------- Options for column family [default]:
I230915 19:05:19.868113 44 storage/rocksdb.go:102                Options.comparator: cockroach_comparator
I230915 19:05:19.868128 44 storage/rocksdb.go:102            Options.merge_operator: cockroach_merge_operator
I230915 19:05:19.868222 44 storage/rocksdb.go:102         Options.compaction_filter: None
I230915 19:05:19.868243 44 storage/rocksdb.go:102         Options.compaction_filter_factory: None
I230915 19:05:19.868256 44 storage/rocksdb.go:102          Options.memtable_factory: SkipListFactory
I230915 19:05:19.868269 44 storage/rocksdb.go:102             Options.table_factory: BlockBasedTable
I230915 19:05:19.868367 44 storage/rocksdb.go:102             table_factory options:   flush_block_policy_factory: FlushBlockBySizePolicyFactory (0x7fd3bd030030)
  cache_index_and_filter_blocks: 0
  cache_index_and_filter_blocks_with_high_priority: 0
  pin_l0_filter_and_index_blocks_in_cache: 0
  pin_top_level_index_and_filter: 1
  index_type: 0
  data_block_index_type: 0
  index_shortening: 1
  data_block_hash_table_util_ratio: 0.750000
  hash_index_allow_collision: 1
  checksum: 1
  no_block_cache: 0
  block_cache: 0x7fd3bd01f010
  block_cache_name: LRUCache
  block_cache_options:
    capacity : 1048576
    num_shard_bits : 4
    strict_capacity_limit : 0
    memory_allocator : None
    high_pri_pool_ratio: 0.000
  block_cache_compressed: (nil)
  persistent_cache: (nil)
  block_size: 32768
  block_size_deviation: 10
  block_restart_interval: 16
  index_block_restart_interval: 1
  metadata_block_size: 4096
  partition_filters: 0
  use_delta_encoding: 1
  filter_policy: rocksdb.BuiltinBloomFilter
  whole_key_filtering: 0
  verify_compression: 0
  read_amp_bytes_per_bit: 0
  format_version: 2
  enable_index_compression: 1
  block_align: 0
I230915 19:05:19.868385 44 storage/rocksdb.go:102         Options.write_buffer_size: 67108864
I230915 19:05:19.868403 44 storage/rocksdb.go:102   Options.max_write_buffer_number: 4
I230915 19:05:19.868416 44 storage/rocksdb.go:102           Options.compression: Snappy
I230915 19:05:19.868429 44 storage/rocksdb.go:102                   Options.bottommost_compression: Disabled
I230915 19:05:19.868441 44 storage/rocksdb.go:102        Options.prefix_extractor: cockroach_prefix_extractor
I230915 19:05:19.868454 44 storage/rocksdb.go:102    Options.memtable_insert_with_hint_prefix_extractor: nullptr
I230915 19:05:19.868467 44 storage/rocksdb.go:102              Options.num_levels: 7
I230915 19:05:19.868479 44 storage/rocksdb.go:102         Options.min_write_buffer_number_to_merge: 1
I230915 19:05:19.868491 44 storage/rocksdb.go:102      Options.max_write_buffer_number_to_maintain: 0
I230915 19:05:19.868504 44 storage/rocksdb.go:102             Options.bottommost_compression_opts.window_bits: -14
I230915 19:05:19.868517 44 storage/rocksdb.go:102                   Options.bottommost_compression_opts.level: 32767
I230915 19:05:19.868529 44 storage/rocksdb.go:102                Options.bottommost_compression_opts.strategy: 0
I230915 19:05:19.868542 44 storage/rocksdb.go:102          Options.bottommost_compression_opts.max_dict_bytes: 0
I230915 19:05:19.868554 44 storage/rocksdb.go:102          Options.bottommost_compression_opts.zstd_max_train_bytes: 0
I230915 19:05:19.868577 44 storage/rocksdb.go:102                   Options.bottommost_compression_opts.enabled: false
I230915 19:05:19.868589 44 storage/rocksdb.go:102             Options.compression_opts.window_bits: -14
I230915 19:05:19.868602 44 storage/rocksdb.go:102                   Options.compression_opts.level: 32767
I230915 19:05:19.868614 44 storage/rocksdb.go:102                Options.compression_opts.strategy: 0
I230915 19:05:19.868627 44 storage/rocksdb.go:102          Options.compression_opts.max_dict_bytes: 0
I230915 19:05:19.868639 44 storage/rocksdb.go:102          Options.compression_opts.zstd_max_train_bytes: 0
I230915 19:05:19.868652 44 storage/rocksdb.go:102                   Options.compression_opts.enabled: false
I230915 19:05:19.868664 44 storage/rocksdb.go:102       Options.level0_file_num_compaction_trigger: 2
I230915 19:05:19.868677 44 storage/rocksdb.go:102           Options.level0_slowdown_writes_trigger: 950
I230915 19:05:19.868689 44 storage/rocksdb.go:102               Options.level0_stop_writes_trigger: 1000
I230915 19:05:19.868713 44 storage/rocksdb.go:102                    Options.target_file_size_base: 4194304
I230915 19:05:19.868726 44 storage/rocksdb.go:102              Options.target_file_size_multiplier: 2
I230915 19:05:19.868739 44 storage/rocksdb.go:102                 Options.max_bytes_for_level_base: 67108864
I230915 19:05:19.868751 44 storage/rocksdb.go:102  Options.level_compaction_dynamic_level_bytes: 1
I230915 19:05:19.868768 44 storage/rocksdb.go:102           Options.max_bytes_for_level_multiplier: 10.000000
I230915 19:05:19.868781 44 storage/rocksdb.go:102  Options.max_bytes_for_level_multiplier_addtl[0]: 1
I230915 19:05:19.868794 44 storage/rocksdb.go:102  Options.max_bytes_for_level_multiplier_addtl[1]: 1
I230915 19:05:19.868806 44 storage/rocksdb.go:102  Options.max_bytes_for_level_multiplier_addtl[2]: 1
I230915 19:05:19.868819 44 storage/rocksdb.go:102  Options.max_bytes_for_level_multiplier_addtl[3]: 1
I230915 19:05:19.868831 44 storage/rocksdb.go:102  Options.max_bytes_for_level_multiplier_addtl[4]: 1
I230915 19:05:19.868844 44 storage/rocksdb.go:102  Options.max_bytes_for_level_multiplier_addtl[5]: 1
I230915 19:05:19.868856 44 storage/rocksdb.go:102  Options.max_bytes_for_level_multiplier_addtl[6]: 1
I230915 19:05:19.868869 44 storage/rocksdb.go:102        Options.max_sequential_skip_in_iterations: 8
I230915 19:05:19.868882 44 storage/rocksdb.go:102                     Options.max_compaction_bytes: 104857600
I230915 19:05:19.868895 44 storage/rocksdb.go:102                         Options.arena_block_size: 8388608
I230915 19:05:19.868908 44 storage/rocksdb.go:102    Options.soft_pending_compaction_bytes_limit: 2199023255552
I230915 19:05:19.868922 44 storage/rocksdb.go:102    Options.hard_pending_compaction_bytes_limit: 4400193994752
I230915 19:05:19.868934 44 storage/rocksdb.go:102        Options.rate_limit_delay_max_milliseconds: 100
I230915 19:05:19.868946 44 storage/rocksdb.go:102                 Options.disable_auto_compactions: 0
I230915 19:05:19.868961 44 storage/rocksdb.go:102                         Options.compaction_style: kCompactionStyleLevel
I230915 19:05:19.868975 44 storage/rocksdb.go:102                           Options.compaction_pri: kMinOverlappingRatio
I230915 19:05:19.868987 44 storage/rocksdb.go:102  Options.compaction_options_universal.size_ratio: 1
I230915 19:05:19.869000 44 storage/rocksdb.go:102  Options.compaction_options_universal.min_merge_width: 2
I230915 19:05:19.869013 44 storage/rocksdb.go:102  Options.compaction_options_universal.max_merge_width: 4294967295
I230915 19:05:19.869026 44 storage/rocksdb.go:102  Options.compaction_options_universal.max_size_amplification_percent: 200
I230915 19:05:19.869039 44 storage/rocksdb.go:102  Options.compaction_options_universal.compression_size_percent: -1
I230915 19:05:19.869052 44 storage/rocksdb.go:102  Options.compaction_options_universal.stop_style: kCompactionStopStyleTotalSize
I230915 19:05:19.869065 44 storage/rocksdb.go:102  Options.compaction_options_fifo.max_table_files_size: 1073741824
I230915 19:05:19.869087 44 storage/rocksdb.go:102  Options.compaction_options_fifo.allow_compaction: 0
I230915 19:05:19.869105 44 storage/rocksdb.go:102                    Options.table_properties_collectors: TimeBoundTblPropCollectorFactory; DeleteRangeTblPropCollectorFactory; 
I230915 19:05:19.869124 44 storage/rocksdb.go:102                    Options.inplace_update_support: 0
I230915 19:05:19.869137 44 storage/rocksdb.go:102                  Options.inplace_update_num_locks: 10000
I230915 19:05:19.869151 44 storage/rocksdb.go:102                Options.memtable_prefix_bloom_size_ratio: 0.000000
I230915 19:05:19.869164 44 storage/rocksdb.go:102                Options.memtable_whole_key_filtering: 0
I230915 19:05:19.869176 44 storage/rocksdb.go:102    Options.memtable_huge_page_size: 0
I230915 19:05:19.869189 44 storage/rocksdb.go:102                            Options.bloom_locality: 0
I230915 19:05:19.869201 44 storage/rocksdb.go:102                     Options.max_successive_merges: 0
I230915 19:05:19.869213 44 storage/rocksdb.go:102                 Options.optimize_filters_for_hits: 1
I230915 19:05:19.869226 44 storage/rocksdb.go:102                 Options.paranoid_file_checks: 0
I230915 19:05:19.869241 44 storage/rocksdb.go:102                 Options.force_consistency_checks: 0
I230915 19:05:19.869254 44 storage/rocksdb.go:102                 Options.report_bg_io_stats: 0
I230915 19:05:19.869266 44 storage/rocksdb.go:102                                Options.ttl: 0
I230915 19:05:19.869279 44 storage/rocksdb.go:102           Options.periodic_compaction_seconds: 0
I230915 19:05:19.871009 44 storage/rocksdb.go:102  [db/version_set.cc:4286] Recovered from manifest file:/home/nidhood/Desktop/CockroachDB/CockroachDB_complete_learning_path/cockroach-data/cockroach-temp129790354/MANIFEST-000001 succeeded,manifest_file_number is 1, next_file_number is 3, last_sequence is 0, log_number is 0,prev_log_number is 0,max_column_family is 0,min_log_number_to_keep is 0
I230915 19:05:19.871031 44 storage/rocksdb.go:102  [db/version_set.cc:4295] Column family [default] (ID 0), log number is 0
I230915 19:05:19.919373 44 storage/rocksdb.go:102  DB pointer 0x7fd3bd0a4000
